#! /usr/bin/vvp
:ivl_version "11.0 (stable)";
:ivl_delay_selection "TYPICAL";
:vpi_time_precision - 12;
:vpi_module "/usr/lib/x86_64-linux-gnu/ivl/system.vpi";
:vpi_module "/usr/lib/x86_64-linux-gnu/ivl/vhdl_sys.vpi";
:vpi_module "/usr/lib/x86_64-linux-gnu/ivl/vhdl_textio.vpi";
:vpi_module "/usr/lib/x86_64-linux-gnu/ivl/v2005_math.vpi";
:vpi_module "/usr/lib/x86_64-linux-gnu/ivl/va_math.vpi";
S_0x559245a50dc0 .scope module, "scontroller_tb" "scontroller_tb" 2 2;
 .timescale -9 -12;
v0x559245ac5640_0 .var "clk_tb", 0 0;
v0x559245ac5700_0 .net "halt_tb", 0 0, v0x559245ac4b20_0;  1 drivers
v0x559245ac57a0_0 .net "inc_pc_tb", 0 0, v0x559245ac4be0_0;  1 drivers
v0x559245ac58a0_0 .net "load_ac_tb", 0 0, v0x559245ac4ca0_0;  1 drivers
v0x559245ac5970_0 .net "load_ir_tb", 0 0, v0x559245ac4d60_0;  1 drivers
v0x559245ac5a10_0 .net "load_pc_tb", 0 0, v0x559245ac4e20_0;  1 drivers
v0x559245ac5ae0_0 .net "mem_rd_tb", 0 0, v0x559245ac4ee0_0;  1 drivers
v0x559245ac5bb0_0 .net "mem_wr_tb", 0 0, v0x559245ac4fa0_0;  1 drivers
v0x559245ac5c80_0 .var "opcode_tb", 2 0;
v0x559245ac5d50_0 .var "rst_tb", 0 0;
v0x559245ac5e20_0 .var "zero_tb", 0 0;
S_0x559245a50f50 .scope module, "u_scontroller0" "scontroller" 2 79, 3 1 0, S_0x559245a50dc0;
 .timescale -9 -12;
    .port_info 0 /INPUT 3 "opcode";
    .port_info 1 /INPUT 1 "zero";
    .port_info 2 /INPUT 1 "clk";
    .port_info 3 /INPUT 1 "rst";
    .port_info 4 /OUTPUT 1 "mem_rd";
    .port_info 5 /OUTPUT 1 "load_ir";
    .port_info 6 /OUTPUT 1 "halt";
    .port_info 7 /OUTPUT 1 "inc_pc";
    .port_info 8 /OUTPUT 1 "load_ac";
    .port_info 9 /OUTPUT 1 "load_pc";
    .port_info 10 /OUTPUT 1 "mem_wr";
P_0x559245a8ff60 .param/l "ALU_OP" 1 3 22, C4<110>;
P_0x559245a8ffa0 .param/l "IDLE" 1 3 19, C4<011>;
P_0x559245a8ffe0 .param/l "INST_ADDER" 1 3 16, C4<000>;
P_0x559245a90020 .param/l "INST_FETCH" 1 3 17, C4<001>;
P_0x559245a90060 .param/l "INST_LOAD" 1 3 18, C4<010>;
P_0x559245a900a0 .param/l "OP_ADDER" 1 3 20, C4<100>;
P_0x559245a900e0 .param/l "OP_FETCH" 1 3 21, C4<101>;
P_0x559245a90120 .param/l "STORE" 1 3 23, C4<111>;
v0x559245a7a390_0 .var "A", 0 0;
v0x559245ac4710_0 .var "H", 0 0;
v0x559245ac47f0_0 .var "J", 0 0;
v0x559245ac4890_0 .var "S", 0 0;
v0x559245ac4950_0 .var "Z", 0 0;
v0x559245ac4a60_0 .net "clk", 0 0, v0x559245ac5640_0;  1 drivers
v0x559245ac4b20_0 .var "halt", 0 0;
v0x559245ac4be0_0 .var "inc_pc", 0 0;
v0x559245ac4ca0_0 .var "load_ac", 0 0;
v0x559245ac4d60_0 .var "load_ir", 0 0;
v0x559245ac4e20_0 .var "load_pc", 0 0;
v0x559245ac4ee0_0 .var "mem_rd", 0 0;
v0x559245ac4fa0_0 .var "mem_wr", 0 0;
v0x559245ac5060_0 .var "next_state", 2 0;
v0x559245ac5140_0 .net "opcode", 2 0, v0x559245ac5c80_0;  1 drivers
v0x559245ac5220_0 .net "rst", 0 0, v0x559245ac5d50_0;  1 drivers
v0x559245ac52e0_0 .var "state", 2 0;
v0x559245ac53c0_0 .net "zero", 0 0, v0x559245ac5e20_0;  1 drivers
E_0x559245a94a10 .event edge, v0x559245ac52e0_0;
E_0x559245a96490 .event edge, v0x559245ac5140_0;
E_0x559245a94750/0 .event negedge, v0x559245ac5220_0;
E_0x559245a94750/1 .event posedge, v0x559245ac4a60_0;
E_0x559245a94750 .event/or E_0x559245a94750/0, E_0x559245a94750/1;
    .scope S_0x559245a50f50;
T_0 ;
    %wait E_0x559245a94750;
    %load/vec4 v0x559245ac5220_0;
    %nor/r;
    %flag_set/vec4 8;
    %jmp/0xz  T_0.0, 8;
    %pushi/vec4 0, 0, 3;
    %assign/vec4 v0x559245ac52e0_0, 0;
    %jmp T_0.1;
T_0.0 ;
    %load/vec4 v0x559245ac5060_0;
    %assign/vec4 v0x559245ac52e0_0, 0;
T_0.1 ;
    %jmp T_0;
    .thread T_0;
    .scope S_0x559245a50f50;
T_1 ;
    %wait E_0x559245a94a10;
    %load/vec4 v0x559245ac52e0_0;
    %dup/vec4;
    %pushi/vec4 0, 0, 3;
    %cmp/u;
    %jmp/1 T_1.0, 6;
    %dup/vec4;
    %pushi/vec4 1, 0, 3;
    %cmp/u;
    %jmp/1 T_1.1, 6;
    %dup/vec4;
    %pushi/vec4 2, 0, 3;
    %cmp/u;
    %jmp/1 T_1.2, 6;
    %dup/vec4;
    %pushi/vec4 3, 0, 3;
    %cmp/u;
    %jmp/1 T_1.3, 6;
    %dup/vec4;
    %pushi/vec4 4, 0, 3;
    %cmp/u;
    %jmp/1 T_1.4, 6;
    %dup/vec4;
    %pushi/vec4 5, 0, 3;
    %cmp/u;
    %jmp/1 T_1.5, 6;
    %dup/vec4;
    %pushi/vec4 6, 0, 3;
    %cmp/u;
    %jmp/1 T_1.6, 6;
    %pushi/vec4 0, 0, 3;
    %store/vec4 v0x559245ac5060_0, 0, 3;
    %jmp T_1.8;
T_1.0 ;
    %pushi/vec4 1, 0, 3;
    %store/vec4 v0x559245ac5060_0, 0, 3;
    %jmp T_1.8;
T_1.1 ;
    %pushi/vec4 2, 0, 3;
    %store/vec4 v0x559245ac5060_0, 0, 3;
    %jmp T_1.8;
T_1.2 ;
    %pushi/vec4 3, 0, 3;
    %store/vec4 v0x559245ac5060_0, 0, 3;
    %jmp T_1.8;
T_1.3 ;
    %pushi/vec4 4, 0, 3;
    %store/vec4 v0x559245ac5060_0, 0, 3;
    %jmp T_1.8;
T_1.4 ;
    %pushi/vec4 5, 0, 3;
    %store/vec4 v0x559245ac5060_0, 0, 3;
    %jmp T_1.8;
T_1.5 ;
    %pushi/vec4 6, 0, 3;
    %store/vec4 v0x559245ac5060_0, 0, 3;
    %jmp T_1.8;
T_1.6 ;
    %pushi/vec4 7, 0, 3;
    %store/vec4 v0x559245ac5060_0, 0, 3;
    %jmp T_1.8;
T_1.8 ;
    %pop/vec4 1;
    %jmp T_1;
    .thread T_1, $push;
    .scope S_0x559245a50f50;
T_2 ;
    %wait E_0x559245a96490;
    %load/vec4 v0x559245ac5140_0;
    %cmpi/e 0, 0, 3;
    %flag_mov 8, 4;
    %jmp/0 T_2.0, 8;
    %pushi/vec4 1, 0, 2;
    %jmp/1 T_2.1, 8;
T_2.0 ; End of true expr.
    %pushi/vec4 0, 0, 2;
    %jmp/0 T_2.1, 8;
 ; End of false expr.
    %blend;
T_2.1;
    %pad/s 1;
    %store/vec4 v0x559245ac4710_0, 0, 1;
    %load/vec4 v0x559245ac5140_0;
    %pushi/vec4 1, 0, 3;
    %cmp/e;
    %flag_get/vec4 4;
    %load/vec4 v0x559245ac53c0_0;
    %pad/u 32;
    %pushi/vec4 1, 0, 32;
    %cmp/e;
    %flag_get/vec4 4;
    %and;
    %flag_set/vec4 8;
    %jmp/0 T_2.2, 8;
    %pushi/vec4 1, 0, 2;
    %jmp/1 T_2.3, 8;
T_2.2 ; End of true expr.
    %pushi/vec4 0, 0, 2;
    %jmp/0 T_2.3, 8;
 ; End of false expr.
    %blend;
T_2.3;
    %pad/s 1;
    %store/vec4 v0x559245ac4950_0, 0, 1;
    %load/vec4 v0x559245ac5140_0;
    %pushi/vec4 2, 0, 3;
    %cmp/e;
    %flag_get/vec4 4;
    %load/vec4 v0x559245ac5140_0;
    %pushi/vec4 3, 0, 3;
    %cmp/e;
    %flag_get/vec4 4;
    %or;
    %load/vec4 v0x559245ac5140_0;
    %pushi/vec4 4, 0, 3;
    %cmp/e;
    %flag_get/vec4 4;
    %or;
    %load/vec4 v0x559245ac5140_0;
    %pushi/vec4 5, 0, 3;
    %cmp/e;
    %flag_get/vec4 4;
    %or;
    %flag_set/vec4 8;
    %jmp/0 T_2.4, 8;
    %pushi/vec4 1, 0, 2;
    %jmp/1 T_2.5, 8;
T_2.4 ; End of true expr.
    %pushi/vec4 0, 0, 2;
    %jmp/0 T_2.5, 8;
 ; End of false expr.
    %blend;
T_2.5;
    %pad/s 1;
    %store/vec4 v0x559245a7a390_0, 0, 1;
    %load/vec4 v0x559245ac5140_0;
    %cmpi/e 6, 0, 3;
    %flag_mov 8, 4;
    %jmp/0 T_2.6, 8;
    %pushi/vec4 1, 0, 2;
    %jmp/1 T_2.7, 8;
T_2.6 ; End of true expr.
    %pushi/vec4 0, 0, 2;
    %jmp/0 T_2.7, 8;
 ; End of false expr.
    %blend;
T_2.7;
    %pad/s 1;
    %store/vec4 v0x559245ac4890_0, 0, 1;
    %load/vec4 v0x559245ac5140_0;
    %cmpi/e 7, 0, 3;
    %flag_mov 8, 4;
    %jmp/0 T_2.8, 8;
    %pushi/vec4 1, 0, 2;
    %jmp/1 T_2.9, 8;
T_2.8 ; End of true expr.
    %pushi/vec4 0, 0, 2;
    %jmp/0 T_2.9, 8;
 ; End of false expr.
    %blend;
T_2.9;
    %pad/s 1;
    %store/vec4 v0x559245ac47f0_0, 0, 1;
    %jmp T_2;
    .thread T_2, $push;
    .scope S_0x559245a50f50;
T_3 ;
    %wait E_0x559245a94a10;
    %load/vec4 v0x559245ac52e0_0;
    %cmpi/e 0, 0, 3;
    %jmp/0xz  T_3.0, 4;
    %pushi/vec4 0, 0, 1;
    %store/vec4 v0x559245ac4ee0_0, 0, 1;
    %pushi/vec4 0, 0, 1;
    %store/vec4 v0x559245ac4d60_0, 0, 1;
    %pushi/vec4 0, 0, 1;
    %store/vec4 v0x559245ac4b20_0, 0, 1;
    %pushi/vec4 0, 0, 1;
    %store/vec4 v0x559245ac4be0_0, 0, 1;
    %pushi/vec4 0, 0, 1;
    %store/vec4 v0x559245ac4ca0_0, 0, 1;
    %pushi/vec4 0, 0, 1;
    %store/vec4 v0x559245ac4e20_0, 0, 1;
    %pushi/vec4 0, 0, 1;
    %store/vec4 v0x559245ac4fa0_0, 0, 1;
    %jmp T_3.1;
T_3.0 ;
    %load/vec4 v0x559245ac52e0_0;
    %cmpi/e 1, 0, 3;
    %jmp/0xz  T_3.2, 4;
    %pushi/vec4 1, 0, 1;
    %store/vec4 v0x559245ac4ee0_0, 0, 1;
    %pushi/vec4 0, 0, 1;
    %store/vec4 v0x559245ac4d60_0, 0, 1;
    %pushi/vec4 0, 0, 1;
    %store/vec4 v0x559245ac4b20_0, 0, 1;
    %pushi/vec4 0, 0, 1;
    %store/vec4 v0x559245ac4be0_0, 0, 1;
    %pushi/vec4 0, 0, 1;
    %store/vec4 v0x559245ac4ca0_0, 0, 1;
    %pushi/vec4 0, 0, 1;
    %store/vec4 v0x559245ac4e20_0, 0, 1;
    %pushi/vec4 0, 0, 1;
    %store/vec4 v0x559245ac4fa0_0, 0, 1;
    %jmp T_3.3;
T_3.2 ;
    %load/vec4 v0x559245ac52e0_0;
    %cmpi/e 2, 0, 3;
    %jmp/0xz  T_3.4, 4;
    %pushi/vec4 1, 0, 1;
    %store/vec4 v0x559245ac4ee0_0, 0, 1;
    %pushi/vec4 1, 0, 1;
    %store/vec4 v0x559245ac4d60_0, 0, 1;
    %pushi/vec4 0, 0, 1;
    %store/vec4 v0x559245ac4b20_0, 0, 1;
    %pushi/vec4 0, 0, 1;
    %store/vec4 v0x559245ac4be0_0, 0, 1;
    %pushi/vec4 0, 0, 1;
    %store/vec4 v0x559245ac4ca0_0, 0, 1;
    %pushi/vec4 0, 0, 1;
    %store/vec4 v0x559245ac4e20_0, 0, 1;
    %pushi/vec4 0, 0, 1;
    %store/vec4 v0x559245ac4fa0_0, 0, 1;
    %jmp T_3.5;
T_3.4 ;
    %load/vec4 v0x559245ac52e0_0;
    %cmpi/e 3, 0, 3;
    %jmp/0xz  T_3.6, 4;
    %pushi/vec4 1, 0, 1;
    %store/vec4 v0x559245ac4ee0_0, 0, 1;
    %pushi/vec4 1, 0, 1;
    %store/vec4 v0x559245ac4d60_0, 0, 1;
    %pushi/vec4 0, 0, 1;
    %store/vec4 v0x559245ac4b20_0, 0, 1;
    %pushi/vec4 0, 0, 1;
    %store/vec4 v0x559245ac4be0_0, 0, 1;
    %pushi/vec4 0, 0, 1;
    %store/vec4 v0x559245ac4ca0_0, 0, 1;
    %pushi/vec4 0, 0, 1;
    %store/vec4 v0x559245ac4e20_0, 0, 1;
    %pushi/vec4 0, 0, 1;
    %store/vec4 v0x559245ac4fa0_0, 0, 1;
    %jmp T_3.7;
T_3.6 ;
    %load/vec4 v0x559245ac52e0_0;
    %cmpi/e 4, 0, 3;
    %jmp/0xz  T_3.8, 4;
    %pushi/vec4 0, 0, 1;
    %store/vec4 v0x559245ac4ee0_0, 0, 1;
    %pushi/vec4 0, 0, 1;
    %store/vec4 v0x559245ac4d60_0, 0, 1;
    %load/vec4 v0x559245ac4710_0;
    %store/vec4 v0x559245ac4b20_0, 0, 1;
    %pushi/vec4 1, 0, 1;
    %store/vec4 v0x559245ac4be0_0, 0, 1;
    %pushi/vec4 0, 0, 1;
    %store/vec4 v0x559245ac4ca0_0, 0, 1;
    %pushi/vec4 0, 0, 1;
    %store/vec4 v0x559245ac4e20_0, 0, 1;
    %pushi/vec4 0, 0, 1;
    %store/vec4 v0x559245ac4fa0_0, 0, 1;
    %jmp T_3.9;
T_3.8 ;
    %load/vec4 v0x559245ac52e0_0;
    %cmpi/e 5, 0, 3;
    %jmp/0xz  T_3.10, 4;
    %load/vec4 v0x559245a7a390_0;
    %store/vec4 v0x559245ac4ee0_0, 0, 1;
    %pushi/vec4 0, 0, 1;
    %store/vec4 v0x559245ac4d60_0, 0, 1;
    %pushi/vec4 0, 0, 1;
    %store/vec4 v0x559245ac4b20_0, 0, 1;
    %pushi/vec4 0, 0, 1;
    %store/vec4 v0x559245ac4be0_0, 0, 1;
    %pushi/vec4 0, 0, 1;
    %store/vec4 v0x559245ac4ca0_0, 0, 1;
    %pushi/vec4 0, 0, 1;
    %store/vec4 v0x559245ac4e20_0, 0, 1;
    %pushi/vec4 0, 0, 1;
    %store/vec4 v0x559245ac4fa0_0, 0, 1;
    %jmp T_3.11;
T_3.10 ;
    %load/vec4 v0x559245ac52e0_0;
    %cmpi/e 6, 0, 3;
    %jmp/0xz  T_3.12, 4;
    %load/vec4 v0x559245a7a390_0;
    %store/vec4 v0x559245ac4ee0_0, 0, 1;
    %pushi/vec4 0, 0, 1;
    %store/vec4 v0x559245ac4d60_0, 0, 1;
    %pushi/vec4 0, 0, 1;
    %store/vec4 v0x559245ac4b20_0, 0, 1;
    %load/vec4 v0x559245ac4950_0;
    %store/vec4 v0x559245ac4be0_0, 0, 1;
    %load/vec4 v0x559245a7a390_0;
    %store/vec4 v0x559245ac4ca0_0, 0, 1;
    %load/vec4 v0x559245ac47f0_0;
    %store/vec4 v0x559245ac4e20_0, 0, 1;
    %pushi/vec4 0, 0, 1;
    %store/vec4 v0x559245ac4fa0_0, 0, 1;
    %jmp T_3.13;
T_3.12 ;
    %load/vec4 v0x559245a7a390_0;
    %store/vec4 v0x559245ac4ee0_0, 0, 1;
    %pushi/vec4 0, 0, 1;
    %store/vec4 v0x559245ac4d60_0, 0, 1;
    %pushi/vec4 0, 0, 1;
    %store/vec4 v0x559245ac4b20_0, 0, 1;
    %load/vec4 v0x559245ac47f0_0;
    %store/vec4 v0x559245ac4be0_0, 0, 1;
    %load/vec4 v0x559245a7a390_0;
    %store/vec4 v0x559245ac4ca0_0, 0, 1;
    %load/vec4 v0x559245ac47f0_0;
    %store/vec4 v0x559245ac4e20_0, 0, 1;
    %load/vec4 v0x559245ac4890_0;
    %store/vec4 v0x559245ac4fa0_0, 0, 1;
T_3.13 ;
T_3.11 ;
T_3.9 ;
T_3.7 ;
T_3.5 ;
T_3.3 ;
T_3.1 ;
    %jmp T_3;
    .thread T_3, $push;
    .scope S_0x559245a50dc0;
T_4 ;
    %pushi/vec4 0, 0, 1;
    %store/vec4 v0x559245ac5e20_0, 0, 1;
    %pushi/vec4 0, 0, 3;
    %store/vec4 v0x559245ac5c80_0, 0, 3;
    %pushi/vec4 0, 0, 1;
    %store/vec4 v0x559245ac5640_0, 0, 1;
    %pushi/vec4 0, 0, 1;
    %store/vec4 v0x559245ac5d50_0, 0, 1;
    %delay 10000, 0;
    %pushi/vec4 0, 0, 1;
    %store/vec4 v0x559245ac5e20_0, 0, 1;
    %pushi/vec4 1, 0, 3;
    %store/vec4 v0x559245ac5c80_0, 0, 3;
    %pushi/vec4 1, 0, 1;
    %store/vec4 v0x559245ac5d50_0, 0, 1;
    %vpi_call 2 27 "$display", " mem= %d", v0x559245ac5ae0_0, "load= %d", v0x559245ac5970_0, "halt= %d", v0x559245ac5700_0, "inc_pc_tb= %d", v0x559245ac57a0_0, "load_ac_tb= %d", v0x559245ac58a0_0, "load_pc_tb= %d", v0x559245ac5a10_0, "mem_wr_tb= %d", v0x559245ac5bb0_0 {0 0 0};
    %delay 10000, 0;
    %pushi/vec4 0, 0, 1;
    %store/vec4 v0x559245ac5e20_0, 0, 1;
    %pushi/vec4 2, 0, 3;
    %store/vec4 v0x559245ac5c80_0, 0, 3;
    %pushi/vec4 1, 0, 1;
    %store/vec4 v0x559245ac5d50_0, 0, 1;
    %vpi_call 2 33 "$display", " mem= %d", v0x559245ac5ae0_0, "load= %d", v0x559245ac5970_0, "halt= %d", v0x559245ac5700_0, "inc_pc_tb= %d", v0x559245ac57a0_0, "load_ac_tb= %d", v0x559245ac58a0_0, "load_pc_tb= %d", v0x559245ac5a10_0, "mem_wr_tb= %d", v0x559245ac5bb0_0 {0 0 0};
    %delay 10000, 0;
    %pushi/vec4 0, 0, 1;
    %store/vec4 v0x559245ac5e20_0, 0, 1;
    %pushi/vec4 3, 0, 3;
    %store/vec4 v0x559245ac5c80_0, 0, 3;
    %pushi/vec4 1, 0, 1;
    %store/vec4 v0x559245ac5d50_0, 0, 1;
    %vpi_call 2 40 "$display", " mem= %d", v0x559245ac5ae0_0, "load= %d", v0x559245ac5970_0, "halt= %d", v0x559245ac5700_0, "inc_pc_tb= %d", v0x559245ac57a0_0, "load_ac_tb= %d", v0x559245ac58a0_0, "load_pc_tb= %d", v0x559245ac5a10_0, "mem_wr_tb= %d", v0x559245ac5bb0_0 {0 0 0};
    %delay 10000, 0;
    %pushi/vec4 0, 0, 1;
    %store/vec4 v0x559245ac5e20_0, 0, 1;
    %pushi/vec4 4, 0, 3;
    %store/vec4 v0x559245ac5c80_0, 0, 3;
    %pushi/vec4 1, 0, 1;
    %store/vec4 v0x559245ac5d50_0, 0, 1;
    %vpi_call 2 47 "$display", " mem= %d", v0x559245ac5ae0_0, "load= %d", v0x559245ac5970_0, "halt= %d", v0x559245ac5700_0, "inc_pc_tb= %d", v0x559245ac57a0_0, "load_ac_tb= %d", v0x559245ac58a0_0, "load_pc_tb= %d", v0x559245ac5a10_0, "mem_wr_tb= %d", v0x559245ac5bb0_0 {0 0 0};
    %delay 10000, 0;
    %pushi/vec4 0, 0, 1;
    %store/vec4 v0x559245ac5e20_0, 0, 1;
    %pushi/vec4 5, 0, 3;
    %store/vec4 v0x559245ac5c80_0, 0, 3;
    %pushi/vec4 1, 0, 1;
    %store/vec4 v0x559245ac5d50_0, 0, 1;
    %vpi_call 2 54 "$display", " mem= %d", v0x559245ac5ae0_0, "load= %d", v0x559245ac5970_0, "halt= %d", v0x559245ac5700_0, "inc_pc_tb= %d", v0x559245ac57a0_0, "load_ac_tb= %d", v0x559245ac58a0_0, "load_pc_tb= %d", v0x559245ac5a10_0, "mem_wr_tb= %d", v0x559245ac5bb0_0 {0 0 0};
    %delay 10000, 0;
    %pushi/vec4 0, 0, 1;
    %store/vec4 v0x559245ac5e20_0, 0, 1;
    %pushi/vec4 6, 0, 3;
    %store/vec4 v0x559245ac5c80_0, 0, 3;
    %pushi/vec4 1, 0, 1;
    %store/vec4 v0x559245ac5d50_0, 0, 1;
    %vpi_call 2 61 "$display", " mem= %d", v0x559245ac5ae0_0, "load= %d", v0x559245ac5970_0, "halt= %d", v0x559245ac5700_0, "inc_pc_tb= %d", v0x559245ac57a0_0, "load_ac_tb= %d", v0x559245ac58a0_0, "load_pc_tb= %d", v0x559245ac5a10_0, "mem_wr_tb= %d", v0x559245ac5bb0_0 {0 0 0};
    %delay 10000, 0;
    %pushi/vec4 0, 0, 1;
    %store/vec4 v0x559245ac5e20_0, 0, 1;
    %pushi/vec4 7, 0, 3;
    %store/vec4 v0x559245ac5c80_0, 0, 3;
    %pushi/vec4 1, 0, 1;
    %store/vec4 v0x559245ac5d50_0, 0, 1;
    %vpi_call 2 68 "$display", " mem= %d", v0x559245ac5ae0_0, "load= %d", v0x559245ac5970_0, "halt= %d", v0x559245ac5700_0, "inc_pc_tb= %d", v0x559245ac57a0_0, "load_ac_tb= %d", v0x559245ac58a0_0, "load_pc_tb= %d", v0x559245ac5a10_0, "mem_wr_tb= %d", v0x559245ac5bb0_0 {0 0 0};
    %delay 10000, 0;
    %end;
    .thread T_4;
    .scope S_0x559245a50dc0;
T_5 ;
    %delay 5000, 0;
    %load/vec4 v0x559245ac5640_0;
    %inv;
    %store/vec4 v0x559245ac5640_0, 0, 1;
    %jmp T_5;
    .thread T_5;
    .scope S_0x559245a50dc0;
T_6 ;
    %vpi_call 2 94 "$dumpfile", "scontroller.vcd" {0 0 0};
    %vpi_call 2 95 "$dumpvars", 32'sb00000000000000000000000000000000, S_0x559245a50dc0 {0 0 0};
    %end;
    .thread T_6;
# The file index is used to find the file name in the following table.
:file_names 4;
    "N/A";
    "<interactive>";
    "scontroller_tb.v";
    "scontroller.v";
